2023.11.07 11:58:30 INFO  Started: Metals version 1.1.0 in folders '/home/lucasn/Projects/reveal.js' for client Visual Studio Code 1.83.0.
2023.11.07 11:58:31 WARN  Build server is not auto-connectable.
2023.11.07 11:58:31 WARN  no build tool detected in workspace '/home/lucasn/Projects/reveal.js'. The most common cause for this problem is that the editor was opened in the wrong working directory, for example if you use sbt then the workspace directory should contain build.sbt. 
2023.11.07 11:58:31 WARN  no build target for: /home/lucasn/Projects/reveal.js/presentations/functional-design-parser-combinators/fp-design.worksheet.sc
2023.11.07 11:58:34 INFO  time: evaluated worksheet 'fp-design.worksheet.sc' in 3.8s
2023.11.07 11:58:35 INFO  no build target found for /home/lucasn/Projects/reveal.js/presentations/functional-design-parser-combinators/fp-design.worksheet.sc. Using presentation compiler with project's scala-library version: 3.3.0
2023.11.07 11:58:36 INFO  time: code lens generation in 5.29s
2023.11.07 11:58:39 INFO  no build target found for /home/lucasn/Projects/reveal.js/presentations/functional-design-parser-combinators/fp-design.worksheet.sc. Using presentation compiler with project's scala-library version: 3.3.0
2023.11.07 11:58:45 WARN  no build target for: /home/lucasn/Projects/reveal.js/presentations/functional-design-parser-combinators/fp-design.worksheet.sc
2023.11.07 11:58:45 INFO  time: evaluated worksheet 'fp-design.worksheet.sc' in 0.57s
2023.11.07 11:58:53 WARN  no build target for: /home/lucasn/Projects/reveal.js/presentations/functional-design-parser-combinators/fp-design.worksheet.sc
2023.11.07 11:58:54 INFO  time: evaluated worksheet 'fp-design.worksheet.sc' in 0.78s
2023.11.07 11:58:56 WARN  no build target for: /home/lucasn/Projects/reveal.js/presentations/functional-design-parser-combinators/fp-design.worksheet.sc
2023.11.07 11:58:56 INFO  time: evaluated worksheet 'fp-design.worksheet.sc' in 0.53s
2023.11.07 12:48:58 WARN  no build target for: /home/lucasn/Projects/reveal.js/presentations/functional-design-parser-combinators/fp-design.worksheet.sc
2023.11.07 12:48:58 INFO  time: evaluated worksheet 'fp-design.worksheet.sc' in 0.4s
2023.11.07 12:49:20 WARN  no build target for: /home/lucasn/Projects/reveal.js/presentations/functional-design-parser-combinators/fp-design.worksheet.sc
2023.11.07 12:49:20 INFO  time: evaluated worksheet 'fp-design.worksheet.sc' in 0.5s
2023.11.07 12:49:27 WARN  no build target for: /home/lucasn/Projects/reveal.js/presentations/functional-design-parser-combinators/fp-design.worksheet.sc
2023.11.07 12:49:28 INFO  time: evaluated worksheet 'fp-design.worksheet.sc' in 0.39s
2023.11.07 13:13:12 WARN  no build target for: /home/lucasn/Projects/reveal.js/presentations/functional-design-parser-combinators/fp-design.worksheet.sc
2023.11.07 13:13:12 INFO  time: evaluated worksheet 'fp-design.worksheet.sc' in 0.43s
2023.11.07 13:13:41 WARN  no build target for: /home/lucasn/Projects/reveal.js/presentations/functional-design-parser-combinators/fp-design.worksheet.sc
[31merror[39m: presentations/functional-design-parser-combinators/fp-design.worksheet.sc:17:20: 
Not found: LazyListEmpty
    if n <= 0 then LazyListEmpty
                   ^^^^^^^^^^^^^
2023.11.07 13:13:41 INFO  time: evaluated worksheet 'fp-design.worksheet.sc' in 0.26s
2023.11.07 13:13:54 WARN  no build target for: /home/lucasn/Projects/reveal.js/presentations/functional-design-parser-combinators/fp-design.worksheet.sc
[31merror[39m: presentations/functional-design-parser-combinators/fp-design.worksheet.sc:17:20: 
Found:    MdocApp.this.LazyListEmpty.type
Required: MdocApp.this.LazyList[A]
    if n <= 0 then LazyListEmpty
                   ^^^^^^^^^^^^^
[31merror[39m: presentations/functional-design-parser-combinators/fp-design.worksheet.sc:20:40: 
Found:    MdocApp.this.LazyListEmpty.type
Required: MdocApp.this.LazyList[B]
  def map[B](f: A => B): LazyList[B] = LazyListEmpty
                                       ^^^^^^^^^^^^^
[31merror[39m: presentations/functional-design-parser-combinators/fp-design.worksheet.sc:21:35: 
Found:    MdocApp.this.LazyListEmpty.type
Required: MdocApp.this.LazyList[A]
  def take(n: Int): LazyList[A] = LazyListEmpty
                                  ^^^^^^^^^^^^^
2023.11.07 13:13:54 INFO  time: evaluated worksheet 'fp-design.worksheet.sc' in 0.24s
2023.11.07 13:14:02 WARN  no build target for: /home/lucasn/Projects/reveal.js/presentations/functional-design-parser-combinators/fp-design.worksheet.sc
2023.11.07 13:14:03 INFO  time: evaluated worksheet 'fp-design.worksheet.sc' in 0.47s
Nov 07, 2023 1:14:13 PM org.eclipse.lsp4j.jsonrpc.RemoteEndpoint handleCancellation
WARNING: Unmatched cancel notification for request id 956
2023.11.07 13:14:39 WARN  no build target for: /home/lucasn/Projects/reveal.js/presentations/functional-design-parser-combinators/fp-design.worksheet.sc
[31merror[39m: presentations/functional-design-parser-combinators/fp-design.worksheet.sc:23:13: 
Not found: Lazy
val llist = Lazy
            ^^^^
2023.11.07 13:15:14 INFO  time: evaluated worksheet 'fp-design.worksheet.sc' in 0.27s
2023.11.07 13:15:22 WARN  no build target for: /home/lucasn/Projects/reveal.js/presentations/functional-design-parser-combinators/fp-design.worksheet.sc
2023.11.07 13:15:23 INFO  time: evaluated worksheet 'fp-design.worksheet.sc' in 0.43s
2023.11.07 13:16:09 WARN  no build target for: /home/lucasn/Projects/reveal.js/presentations/functional-design-parser-combinators/fp-design.worksheet.sc
[31merror[39m: presentations/functional-design-parser-combinators/fp-design.worksheet.sc:15:49: 
Not found: type LzList
  def generate[A](start: A)(generator: A => A): LzList[A] = {
                                                ^^^^^^
2023.11.07 13:16:09 INFO  time: evaluated worksheet 'fp-design.worksheet.sc' in 0.22s
2023.11.07 13:16:13 WARN  no build target for: /home/lucasn/Projects/reveal.js/presentations/functional-design-parser-combinators/fp-design.worksheet.sc
2023.11.07 13:16:13 INFO  time: evaluated worksheet 'fp-design.worksheet.sc' in 0.43s
2023.11.07 13:16:19 WARN  no build target for: /home/lucasn/Projects/reveal.js/presentations/functional-design-parser-combinators/fp-design.worksheet.sc
2023.11.07 13:16:19 WARN  no build target for: /home/lucasn/Projects/reveal.js/presentations/functional-design-parser-combinators/fp-design.worksheet.sc
2023.11.07 13:16:19 INFO  time: evaluated worksheet 'fp-design.worksheet.sc' in 0.56s
2023.11.07 13:16:19 INFO  time: evaluated worksheet 'fp-design.worksheet.sc' in 0.52s
2023.11.07 13:16:44 WARN  Using indexes to guess the definition of LazyListEmpty
2023.11.07 13:16:44 WARN  no build target for: /home/lucasn/Projects/reveal.js/presentations/functional-design-parser-combinators/fp-design.worksheet.sc
2023.11.07 13:16:45 INFO  time: evaluated worksheet 'fp-design.worksheet.sc' in 0.46s
2023.11.07 13:16:56 WARN  no build target for: /home/lucasn/Projects/reveal.js/presentations/functional-design-parser-combinators/fp-design.worksheet.sc
2023.11.07 13:16:56 INFO  time: evaluated worksheet 'fp-design.worksheet.sc' in 0.37s
2023.11.07 13:17:07 WARN  no build target for: /home/lucasn/Projects/reveal.js/presentations/functional-design-parser-combinators/fp-design.worksheet.sc
2023.11.07 13:17:07 INFO  time: evaluated worksheet 'fp-design.worksheet.sc' in 0.44s
Nov 07, 2023 1:18:00 PM org.eclipse.lsp4j.jsonrpc.RemoteEndpoint handleCancellation
WARNING: Unmatched cancel notification for request id 1256
2023.11.07 13:18:15 WARN  no build target for: /home/lucasn/Projects/reveal.js/presentations/functional-design-parser-combinators/fp-design.worksheet.sc
[31merror[39m: presentations/functional-design-parser-combinators/fp-design.worksheet.sc:13:41: 
value toList is not a member of MdocApp.this.LazyList[A]
  def takeAsList(n: Int): LazyList[A] = take(n).toList
                                        ^^^^^^^^^^^^^^
2023.11.07 13:18:15 INFO  time: evaluated worksheet 'fp-design.worksheet.sc' in 0.17s
2023.11.07 13:18:29 WARN  no build target for: /home/lucasn/Projects/reveal.js/presentations/functional-design-parser-combinators/fp-design.worksheet.sc
[31merror[39m: presentations/functional-design-parser-combinators/fp-design.worksheet.sc:13:41: 
Found:    List[A]
Required: MdocApp.this.LazyList[A]
  def takeAsList(n: Int): LazyList[A] = take(n).toList
                                        ^^^^^^^^^^^^^^
[31merror[39m: presentations/functional-design-parser-combinators/fp-design.worksheet.sc:15:6: 
Not found: type tailrec
    @tailrec
     ^^^^^^^
[31merror[39m: presentations/functional-design-parser-combinators/fp-design.worksheet.sc:16:20: 
Not found: type LzList
    def loop(list: LzList[A], acc: List[A]): List[A] =
                   ^^^^^^
2023.11.07 13:18:29 INFO  time: evaluated worksheet 'fp-design.worksheet.sc' in 0.3s
2023.11.07 13:18:38 WARN  no build target for: /home/lucasn/Projects/reveal.js/presentations/functional-design-parser-combinators/fp-design.worksheet.sc
[31merror[39m: presentations/functional-design-parser-combinators/fp-design.worksheet.sc:14:41: 
Found:    List[A]
Required: MdocApp.this.LazyList[A]
  def takeAsList(n: Int): LazyList[A] = take(n).toList
                                        ^^^^^^^^^^^^^^
[31merror[39m: presentations/functional-design-parser-combinators/fp-design.worksheet.sc:18:10: 
value isEmpty is not a member of MdocApp.this.LazyList[A]
      if list.isEmpty then acc.reverse
         ^^^^^^^^^^^^
[31merror[39m: presentations/functional-design-parser-combinators/fp-design.worksheet.sc:19:17: 
value tail is not a member of MdocApp.this.LazyList[A] - did you mean list.take?
      else loop(list.tail, list.head :: acc)
                ^^^^^^^^^
[31merror[39m: presentations/functional-design-parser-combinators/fp-design.worksheet.sc:19:28: 
value head is not a member of MdocApp.this.LazyList[A]
      else loop(list.tail, list.head :: acc)
                           ^^^^^^^^^
2023.11.07 13:18:38 INFO  time: evaluated worksheet 'fp-design.worksheet.sc' in 0.23s
2023.11.07 13:18:57 WARN  no build target for: /home/lucasn/Projects/reveal.js/presentations/functional-design-parser-combinators/fp-design.worksheet.sc
[31merror[39m: presentations/functional-design-parser-combinators/fp-design.worksheet.sc:15:41: 
Found:    List[A]
Required: MdocApp.this.LazyList[A]
  def takeAsList(n: Int): LazyList[A] = take(n).toList
                                        ^^^^^^^^^^^^^^
[31merror[39m: presentations/functional-design-parser-combinators/fp-design.worksheet.sc:20:17: 
value tail is not a member of MdocApp.this.LazyList[A] - did you mean list.take?
      else loop(list.tail, list.head :: acc)
                ^^^^^^^^^
[31merror[39m: presentations/functional-design-parser-combinators/fp-design.worksheet.sc:20:28: 
value head is not a member of MdocApp.this.LazyList[A]
      else loop(list.tail, list.head :: acc)
                           ^^^^^^^^^
2023.11.07 13:18:57 INFO  time: evaluated worksheet 'fp-design.worksheet.sc' in 0.19s
2023.11.07 13:19:19 WARN  no build target for: /home/lucasn/Projects/reveal.js/presentations/functional-design-parser-combinators/fp-design.worksheet.sc
[31merror[39m: presentations/functional-design-parser-combinators/fp-design.worksheet.sc:17:41: 
Found:    List[A]
Required: MdocApp.this.LazyList[A]
  def takeAsList(n: Int): LazyList[A] = take(n).toList
                                        ^^^^^^^^^^^^^^
2023.11.07 13:19:19 INFO  time: evaluated worksheet 'fp-design.worksheet.sc' in 0.19s
2023.11.07 13:19:24 WARN  no build target for: /home/lucasn/Projects/reveal.js/presentations/functional-design-parser-combinators/fp-design.worksheet.sc
[31merror[39m: presentations/functional-design-parser-combinators/fp-design.worksheet.sc:30:7: 
class LazyListCons needs to be abstract, since:
it has 2 unimplemented members.
/** As seen from class LazyListCons, the missing signatures are as follows.
 *  For convenience, these are usable as stub implementations.
 */
  def head: A = ???
  def tail: MdocApp.this.LazyList[A] = ???

class LazyListCons[A](head: => A, tail: => LazyList[A]) extends LazyList[A]:
      ^
[31merror[39m: presentations/functional-design-parser-combinators/fp-design.worksheet.sc:36:7: 
class LazyListEmpty needs to be abstract, since:
it has 2 unimplemented members.
/** As seen from class LazyListEmpty, the missing signatures are as follows.
 *  For convenience, these are usable as stub implementations.
 */
  def head: A = ???
  def tail: MdocApp.this.LazyList[A] = ???

class LazyListEmpty[A] extends LazyList[A]:
      ^
2023.11.07 13:19:24 INFO  time: evaluated worksheet 'fp-design.worksheet.sc' in 0.31s
2023.11.07 13:19:37 WARN  no build target for: /home/lucasn/Projects/reveal.js/presentations/functional-design-parser-combinators/fp-design.worksheet.sc
[31merror[39m: presentations/functional-design-parser-combinators/fp-design.worksheet.sc:13:13: identifier expected but => found
  def head: => A
            ^^
2023.11.07 13:19:38 INFO  time: evaluated worksheet 'fp-design.worksheet.sc' in 0.24s
2023.11.07 13:19:40 WARN  no build target for: /home/lucasn/Projects/reveal.js/presentations/functional-design-parser-combinators/fp-design.worksheet.sc
[31merror[39m: presentations/functional-design-parser-combinators/fp-design.worksheet.sc:30:7: 
class LazyListCons needs to be abstract, since:
it has 2 unimplemented members.
/** As seen from class LazyListCons, the missing signatures are as follows.
 *  For convenience, these are usable as stub implementations.
 */
  def head: A = ???
  def tail: MdocApp.this.LazyList[A] = ???

class LazyListCons[A](head: => A, tail: => LazyList[A]) extends LazyList[A]:
      ^
[31merror[39m: presentations/functional-design-parser-combinators/fp-design.worksheet.sc:36:7: 
class LazyListEmpty needs to be abstract, since:
it has 2 unimplemented members.
/** As seen from class LazyListEmpty, the missing signatures are as follows.
 *  For convenience, these are usable as stub implementations.
 */
  def head: A = ???
  def tail: MdocApp.this.LazyList[A] = ???

class LazyListEmpty[A] extends LazyList[A]:
      ^
2023.11.07 13:19:40 INFO  time: evaluated worksheet 'fp-design.worksheet.sc' in 0.29s
2023.11.07 13:20:56 WARN  no build target for: /home/lucasn/Projects/reveal.js/presentations/functional-design-parser-combinators/fp-design.worksheet.sc
[31merror[39m: presentations/functional-design-parser-combinators/fp-design.worksheet.sc:30:7: 
class LazyListCons needs to be abstract, since def tail: MdocApp.this.LazyList[A] in class LazyList in class MdocApp is not defined 
class LazyListCons[A](h: => A, tail: => LazyList[A]) extends LazyList[A]:
      ^
[31merror[39m: presentations/functional-design-parser-combinators/fp-design.worksheet.sc:37:7: 
class LazyListEmpty needs to be abstract, since:
it has 2 unimplemented members.
/** As seen from class LazyListEmpty, the missing signatures are as follows.
 *  For convenience, these are usable as stub implementations.
 */
  def head: A = ???
  def tail: MdocApp.this.LazyList[A] = ???

class LazyListEmpty[A] extends LazyList[A]:
      ^
2023.11.07 13:20:56 INFO  time: evaluated worksheet 'fp-design.worksheet.sc' in 0.29s
2023.11.07 13:21:03 WARN  no build target for: /home/lucasn/Projects/reveal.js/presentations/functional-design-parser-combinators/fp-design.worksheet.sc
[31merror[39m: presentations/functional-design-parser-combinators/fp-design.worksheet.sc:38:7: 
class LazyListEmpty needs to be abstract, since:
it has 2 unimplemented members.
/** As seen from class LazyListEmpty, the missing signatures are as follows.
 *  For convenience, these are usable as stub implementations.
 */
  def head: A = ???
  def tail: MdocApp.this.LazyList[A] = ???

class LazyListEmpty[A] extends LazyList[A]:
      ^
2023.11.07 13:21:03 INFO  time: evaluated worksheet 'fp-design.worksheet.sc' in 0.35s
2023.11.07 13:21:08 WARN  no build target for: /home/lucasn/Projects/reveal.js/presentations/functional-design-parser-combinators/fp-design.worksheet.sc
2023.11.07 13:21:09 INFO  time: evaluated worksheet 'fp-design.worksheet.sc' in 0.49s
2023.11.07 13:21:17 WARN  no build target for: /home/lucasn/Projects/reveal.js/presentations/functional-design-parser-combinators/fp-design.worksheet.sc
2023.11.07 13:21:17 INFO  time: evaluated worksheet 'fp-design.worksheet.sc' in 0.47s
2023.11.07 13:21:39 WARN  no build target for: /home/lucasn/Projects/reveal.js/presentations/functional-design-parser-combinators/fp-design.worksheet.sc
2023.11.07 13:21:40 INFO  time: evaluated worksheet 'fp-design.worksheet.sc' in 0.4s
Nov 07, 2023 1:22:02 PM org.eclipse.lsp4j.jsonrpc.RemoteEndpoint handleCancellation
WARNING: Unmatched cancel notification for request id 1870
2023.11.07 13:22:03 WARN  no build target for: /home/lucasn/Projects/reveal.js/presentations/functional-design-parser-combinators/fp-design.worksheet.sc
2023.11.07 13:22:03 INFO  time: evaluated worksheet 'fp-design.worksheet.sc' in 0.37s
2023.11.07 14:05:34 WARN  no build target for: /home/lucasn/Projects/reveal.js/presentations/functional-design-parser-combinators/fp-design.worksheet.sc
[31merror[39m: presentations/functional-design-parser-combinators/fp-design.worksheet.sc:35:40: 
Not found: type LzList
  def filter(predicate: A => Boolean): LzList[A] =
                                       ^^^^^^
[31merror[39m: presentations/functional-design-parser-combinators/fp-design.worksheet.sc:36:35: 
Not found: type LzCons
      if predicate(head) then new LzCons(head, tail.filter(predicate))
                                  ^^^^^^
[31merror[39m: presentations/functional-design-parser-combinators/fp-design.worksheet.sc:37:12: 
value filter is not a member of MdocApp.this.LazyList[A]
      else tail.filter(predicate)
           ^^^^^^^^^^^
[31merror[39m: presentations/functional-design-parser-combinators/fp-design.worksheet.sc:45:40: 
Not found: type LzList
  def filter(predicate: A => Boolean): LzList[A] = this
                                       ^^^^^^
2023.11.07 14:05:34 INFO  time: evaluated worksheet 'fp-design.worksheet.sc' in 0.22s
2023.11.07 14:08:04 WARN  no build target for: /home/lucasn/Projects/reveal.js/presentations/functional-design-parser-combinators/fp-design.worksheet.sc
[31merror[39m: presentations/functional-design-parser-combinators/fp-design.worksheet.sc:36:54: 
value filter is not a member of MdocApp.this.LazyList[A]
      if predicate(head) then new LazyListCons(head, tail.filter(predicate))
                                                     ^^^^^^^^^^^
[31merror[39m: presentations/functional-design-parser-combinators/fp-design.worksheet.sc:37:12: 
value filter is not a member of MdocApp.this.LazyList[A]
      else tail.filter(predicate)
           ^^^^^^^^^^^
[31merror[39m: presentations/functional-design-parser-combinators/fp-design.worksheet.sc:45:40: 
Not found: type LzList
  def filter(predicate: A => Boolean): LzList[A] = this
                                       ^^^^^^
2023.11.07 14:08:05 INFO  time: evaluated worksheet 'fp-design.worksheet.sc' in 0.18s
2023.11.07 14:08:18 WARN  no build target for: /home/lucasn/Projects/reveal.js/presentations/functional-design-parser-combinators/fp-design.worksheet.sc
[31merror[39m: presentations/functional-design-parser-combinators/fp-design.worksheet.sc:46:40: 
Not found: type LzList
  def filter(predicate: A => Boolean): LzList[A] = this
                                       ^^^^^^
2023.11.07 14:08:18 INFO  time: evaluated worksheet 'fp-design.worksheet.sc' in 0.18s
2023.11.07 14:08:23 WARN  no build target for: /home/lucasn/Projects/reveal.js/presentations/functional-design-parser-combinators/fp-design.worksheet.sc
2023.11.07 14:08:23 INFO  time: evaluated worksheet 'fp-design.worksheet.sc' in 0.3s
2023.11.07 14:08:46 WARN  no build target for: /home/lucasn/Projects/reveal.js/presentations/functional-design-parser-combinators/fp-design.worksheet.sc
2023.11.07 14:08:46 INFO  time: evaluated worksheet 'fp-design.worksheet.sc' in 0.35s
2023.11.07 16:44:40 WARN  no build target for: /home/lucasn/Projects/reveal.js/presentations/functional-design-parser-combinators/fp-design.worksheet.sc
[31merror[39m: presentations/functional-design-parser-combinators/fp-design.worksheet.sc:64:15: 
Not found: type Cat
given Encoder[Cat] with
              ^^^
[31merror[39m: presentations/functional-design-parser-combinators/fp-design.worksheet.sc:65:17: 
Not found: type Cat
  def encode(a: Cat) = "A cat"
                ^^^
[31merror[39m: presentations/functional-design-parser-combinators/fp-design.worksheet.sc:69:1: 
Not found: aCat
aCat.encode // "A cat"
^^^^
[31merror[39m: presentations/functional-design-parser-combinators/fp-design.worksheet.sc:70:1: 
Not found: aDog
aDog.encode // "An animal"
^^^^
2023.11.07 16:44:40 INFO  time: evaluated worksheet 'fp-design.worksheet.sc' in 0.35s
2023.11.07 16:44:52 WARN  no build target for: /home/lucasn/Projects/reveal.js/presentations/functional-design-parser-combinators/fp-design.worksheet.sc
[31merror[39m: presentations/functional-design-parser-combinators/fp-design.worksheet.sc:72:1: 
Not found: aCat
aCat.encode // "A cat"
^^^^
[31merror[39m: presentations/functional-design-parser-combinators/fp-design.worksheet.sc:73:1: 
Not found: aDog
aDog.encode // "An animal"
^^^^
2023.11.07 16:44:53 INFO  time: evaluated worksheet 'fp-design.worksheet.sc' in 0.35s
Nov 07, 2023 4:44:58 PM org.eclipse.lsp4j.jsonrpc.RemoteEndpoint handleCancellation
WARNING: Unmatched cancel notification for request id 2326
2023.11.07 16:45:01 WARN  no build target for: /home/lucasn/Projects/reveal.js/presentations/functional-design-parser-combinators/fp-design.worksheet.sc
2023.11.07 16:45:02 INFO  time: evaluated worksheet 'fp-design.worksheet.sc' in 0.57s
2023.11.07 16:47:59 WARN  no build target for: /home/lucasn/Projects/reveal.js/presentations/functional-design-parser-combinators/fp-design.worksheet.sc
2023.11.07 16:48:00 INFO  time: evaluated worksheet 'fp-design.worksheet.sc' in 0.54s
Nov 07, 2023 5:01:34 PM org.eclipse.lsp4j.jsonrpc.RemoteEndpoint handleCancellation
WARNING: Unmatched cancel notification for request id 2395
2023.11.07 17:01:41 WARN  no build target for: /home/lucasn/Projects/reveal.js/presentations/functional-design-parser-combinators/fp-design.worksheet.sc
[31merror[39m: presentations/functional-design-parser-combinators/fp-design.worksheet.sc:75:7: 
object creation impossible, since def encode(a: A): String in trait Encoder in class MdocApp is not defined 
given Encoder[Dog] with {}
      ^
2023.11.07 17:01:41 INFO  time: evaluated worksheet 'fp-design.worksheet.sc' in 0.4s
2023.11.07 17:01:44 WARN  no build target for: /home/lucasn/Projects/reveal.js/presentations/functional-design-parser-combinators/fp-design.worksheet.sc
2023.11.07 17:01:44 INFO  time: evaluated worksheet 'fp-design.worksheet.sc' in 0.4s
2023.11.07 17:01:59 WARN  no build target for: /home/lucasn/Projects/reveal.js/presentations/functional-design-parser-combinators/fp-design.worksheet.sc
2023.11.07 17:01:59 INFO  time: evaluated worksheet 'fp-design.worksheet.sc' in 0.42s
2023.11.07 18:01:47 INFO  Shutting down server
2023.11.07 18:01:47 INFO  shutting down Metals
2023.11.07 18:01:47 INFO  Exiting server
2023.11.07 23:12:17 INFO  Started: Metals version 1.1.0 in folders '/home/lucasn/Projects/reveal.js' for client Visual Studio Code 1.83.0.
2023.11.07 23:12:19 WARN  Build server is not auto-connectable.
2023.11.07 23:12:19 WARN  no build tool detected in workspace '/home/lucasn/Projects/reveal.js'. The most common cause for this problem is that the editor was opened in the wrong working directory, for example if you use sbt then the workspace directory should contain build.sbt. 
2023.11.07 23:12:19 WARN  no build target for: /home/lucasn/Projects/reveal.js/presentations/functional-design-parser-combinators/fp-design.worksheet.sc
2023.11.07 23:12:25 INFO  no build target found for /home/lucasn/Projects/reveal.js/presentations/functional-design-parser-combinators/fp-design.worksheet.sc. Using presentation compiler with project's scala-library version: 3.3.0
2023.11.07 23:12:29 INFO  time: evaluated worksheet 'fp-design.worksheet.sc' in 9.79s
2023.11.07 23:12:29 INFO  time: code lens generation in 9.56s
2023.11.07 23:12:29 INFO  time: code lens generation in 10s
Nov 07, 2023 11:12:29 PM org.eclipse.lsp4j.jsonrpc.RemoteEndpoint handleCancellation
WARNING: Unmatched cancel notification for request id 6
2023.11.07 23:34:13 INFO  no build target found for /home/lucasn/Projects/reveal.js/presentations/functional-design-parser-combinators/fp-design.worksheet.sc. Using presentation compiler with project's scala-library version: 3.3.0
2023.11.07 23:34:20 INFO  time: code lens generation in 1.25s
2023.11.07 23:34:20 WARN  no build target for: /home/lucasn/Projects/reveal.js/presentations/functional-design-parser-combinators/fp-design.worksheet.sc
2023.11.07 23:34:21 INFO  time: evaluated worksheet 'fp-design.worksheet.sc' in 1.32s
2023.11.07 23:34:27 WARN  no build target for: /home/lucasn/Projects/reveal.js/presentations/functional-design-parser-combinators/fp-design.worksheet.sc
2023.11.07 23:34:28 INFO  time: evaluated worksheet 'fp-design.worksheet.sc' in 1.07s
Nov 08, 2023 12:02:14 AM org.eclipse.lsp4j.jsonrpc.services.GenericEndpoint notify
INFO: Unsupported notification method: $/setTrace
Nov 08, 2023 12:11:50 AM org.eclipse.lsp4j.jsonrpc.RemoteEndpoint handleCancellation
WARNING: Unmatched cancel notification for request id 163
2023.11.08 00:14:45 WARN  no build target for: /home/lucasn/Projects/reveal.js/presentations/functional-design-parser-combinators/fp-design.worksheet.sc
2023.11.08 00:34:06 INFO  time: evaluated worksheet 'fp-design.worksheet.sc' in 0.97s
Nov 08, 2023 12:38:05 AM org.eclipse.lsp4j.jsonrpc.services.GenericEndpoint notify
INFO: Unsupported notification method: $/setTrace
Nov 08, 2023 12:53:19 AM org.eclipse.lsp4j.jsonrpc.services.GenericEndpoint notify
INFO: Unsupported notification method: $/setTrace
Nov 08, 2023 1:29:10 AM org.eclipse.lsp4j.jsonrpc.services.GenericEndpoint notify
INFO: Unsupported notification method: $/setTrace
Nov 08, 2023 1:30:17 AM org.eclipse.lsp4j.jsonrpc.services.GenericEndpoint notify
INFO: Unsupported notification method: $/setTrace
Nov 08, 2023 2:08:36 AM org.eclipse.lsp4j.jsonrpc.services.GenericEndpoint notify
INFO: Unsupported notification method: $/setTrace
